[0.064s] DEBUG:colcon:Command line arguments: ['/usr/bin/colcon', 'build', '--packages-up-to', 'unitree_guide_controller']
[0.064s] DEBUG:colcon:Parsed command line arguments: Namespace(log_base=None, log_level=None, verb_name='build', build_base='build', install_base='install', merge_install=False, symlink_install=False, test_result_base=None, continue_on_error=False, executor='parallel', parallel_workers=16, event_handlers=None, ignore_user_meta=False, metas=['./colcon.meta'], base_paths=['.'], packages_ignore=None, packages_ignore_regex=None, paths=None, packages_up_to=['unitree_guide_controller'], packages_up_to_regex=None, packages_above=None, packages_above_and_dependencies=None, packages_above_depth=None, packages_select_by_dep=None, packages_skip_by_dep=None, packages_skip_up_to=None, packages_select_build_failed=False, packages_skip_build_finished=False, packages_select_test_failures=False, packages_skip_test_passed=False, packages_select=None, packages_skip=None, packages_select_regex=None, packages_skip_regex=None, packages_start=None, packages_end=None, allow_overriding=[], cmake_args=None, cmake_target=None, cmake_target_skip_unavailable=False, cmake_clean_cache=False, cmake_clean_first=False, cmake_force_configure=False, ament_cmake_args=None, catkin_cmake_args=None, catkin_skip_building_tests=False, verb_parser=<colcon_defaults.argument_parser.defaults.DefaultArgumentsDecorator object at 0x72943a35c0d0>, verb_extension=<colcon_core.verb.build.BuildVerb object at 0x72943a32fb50>, main=<bound method BuildVerb.main of <colcon_core.verb.build.BuildVerb object at 0x72943a32fb50>>)
[0.159s] Level 1:colcon.colcon_core.package_discovery:discover_packages(colcon_meta) check parameters
[0.159s] Level 1:colcon.colcon_core.package_discovery:discover_packages(recursive) check parameters
[0.159s] Level 1:colcon.colcon_core.package_discovery:discover_packages(ignore) check parameters
[0.159s] Level 1:colcon.colcon_core.package_discovery:discover_packages(path) check parameters
[0.159s] Level 1:colcon.colcon_core.package_discovery:discover_packages(colcon_meta) discover
[0.159s] Level 1:colcon.colcon_core.package_discovery:discover_packages(recursive) discover
[0.159s] INFO:colcon.colcon_core.package_discovery:Crawling recursively for packages in '/home/malab/XJL/project/quadruped_ros2_control/src/quadruped_ros2_control/controllers/unitree_guide_controller'
[0.159s] Level 1:colcon.colcon_core.package_identification:_identify(.) by extensions ['ignore', 'ignore_ament_install']
[0.159s] Level 1:colcon.colcon_core.package_identification:_identify(.) by extension 'ignore'
[0.159s] Level 1:colcon.colcon_core.package_identification:_identify(.) by extension 'ignore_ament_install'
[0.159s] Level 1:colcon.colcon_core.package_identification:_identify(.) by extensions ['colcon_pkg']
[0.159s] Level 1:colcon.colcon_core.package_identification:_identify(.) by extension 'colcon_pkg'
[0.159s] Level 1:colcon.colcon_core.package_identification:_identify(.) by extensions ['colcon_meta']
[0.159s] Level 1:colcon.colcon_core.package_identification:_identify(.) by extension 'colcon_meta'
[0.159s] Level 1:colcon.colcon_core.package_identification:_identify(.) by extensions ['ros']
[0.159s] Level 1:colcon.colcon_core.package_identification:_identify(.) by extension 'ros'
[0.168s] DEBUG:colcon.colcon_core.package_identification:Package '.' with type 'ros.ament_cmake' and name 'unitree_guide_controller'
[0.168s] Level 1:colcon.colcon_core.package_discovery:discover_packages(recursive) using defaults
[0.169s] Level 1:colcon.colcon_core.package_discovery:discover_packages(ignore) discover
[0.169s] Level 1:colcon.colcon_core.package_discovery:discover_packages(ignore) using defaults
[0.169s] Level 1:colcon.colcon_core.package_discovery:discover_packages(path) discover
[0.169s] Level 1:colcon.colcon_core.package_discovery:discover_packages(path) using defaults
[0.182s] Level 1:colcon.colcon_core.package_discovery:discover_packages(prefix_path) check parameters
[0.182s] Level 1:colcon.colcon_core.package_discovery:discover_packages(prefix_path) discover
[0.183s] WARNING:colcon.colcon_ros.prefix_path.catkin:The path '/home/malab/XJL/project/quadruped_ros2_control/install/unitree_guide_controller' in the environment variable CMAKE_PREFIX_PATH doesn't exist
[0.189s] DEBUG:colcon.colcon_installed_package_information.package_discovery:Found 17 installed packages in /home/malab/XJL/project/quadruped_ros2_control/install
[0.189s] DEBUG:colcon.colcon_installed_package_information.package_discovery:Found 3 installed packages in /home/malab/ign_ros2_control_ws/install
[0.190s] DEBUG:colcon.colcon_installed_package_information.package_discovery:Found 325 installed packages in /opt/ros/humble
[0.191s] Level 1:colcon.colcon_core.package_discovery:discover_packages(prefix_path) using defaults
[0.215s] Level 5:colcon.colcon_core.verb:set package 'unitree_guide_controller' build argument 'cmake_args' from command line to 'None'
[0.215s] Level 5:colcon.colcon_core.verb:set package 'unitree_guide_controller' build argument 'cmake_target' from command line to 'None'
[0.215s] Level 5:colcon.colcon_core.verb:set package 'unitree_guide_controller' build argument 'cmake_target_skip_unavailable' from command line to 'False'
[0.215s] Level 5:colcon.colcon_core.verb:set package 'unitree_guide_controller' build argument 'cmake_clean_cache' from command line to 'False'
[0.215s] Level 5:colcon.colcon_core.verb:set package 'unitree_guide_controller' build argument 'cmake_clean_first' from command line to 'False'
[0.215s] Level 5:colcon.colcon_core.verb:set package 'unitree_guide_controller' build argument 'cmake_force_configure' from command line to 'False'
[0.215s] Level 5:colcon.colcon_core.verb:set package 'unitree_guide_controller' build argument 'ament_cmake_args' from command line to 'None'
[0.215s] Level 5:colcon.colcon_core.verb:set package 'unitree_guide_controller' build argument 'catkin_cmake_args' from command line to 'None'
[0.215s] Level 5:colcon.colcon_core.verb:set package 'unitree_guide_controller' build argument 'catkin_skip_building_tests' from command line to 'False'
[0.216s] DEBUG:colcon.colcon_core.verb:Building package 'unitree_guide_controller' with the following arguments: {'ament_cmake_args': None, 'build_base': '/home/malab/XJL/project/quadruped_ros2_control/src/quadruped_ros2_control/controllers/unitree_guide_controller/build/unitree_guide_controller', 'catkin_cmake_args': None, 'catkin_skip_building_tests': False, 'cmake_args': None, 'cmake_clean_cache': False, 'cmake_clean_first': False, 'cmake_force_configure': False, 'cmake_target': None, 'cmake_target_skip_unavailable': False, 'install_base': '/home/malab/XJL/project/quadruped_ros2_control/src/quadruped_ros2_control/controllers/unitree_guide_controller/install/unitree_guide_controller', 'merge_install': False, 'path': '/home/malab/XJL/project/quadruped_ros2_control/src/quadruped_ros2_control/controllers/unitree_guide_controller', 'symlink_install': False, 'test_result_base': None}
[0.216s] INFO:colcon.colcon_core.executor:Executing jobs using 'parallel' executor
[0.216s] DEBUG:colcon.colcon_parallel_executor.executor.parallel:run_until_complete
[0.217s] INFO:colcon.colcon_ros.task.ament_cmake.build:Building ROS package in '/home/malab/XJL/project/quadruped_ros2_control/src/quadruped_ros2_control/controllers/unitree_guide_controller' with build type 'ament_cmake'
[0.217s] INFO:colcon.colcon_cmake.task.cmake.build:Building CMake package in '/home/malab/XJL/project/quadruped_ros2_control/src/quadruped_ros2_control/controllers/unitree_guide_controller'
[0.218s] INFO:colcon.colcon_core.plugin_system:Skipping extension 'colcon_core.shell.bat': Not used on non-Windows systems
[0.218s] INFO:colcon.colcon_core.shell:Skip shell extension 'powershell' for command environment: Not usable outside of PowerShell
[0.218s] DEBUG:colcon.colcon_core.shell:Skip shell extension 'dsv' for command environment
[0.225s] DEBUG:colcon.colcon_core.event_handler.log_command:Invoking command in '/home/malab/XJL/project/quadruped_ros2_control/src/quadruped_ros2_control/controllers/unitree_guide_controller/build/unitree_guide_controller': CMAKE_PREFIX_PATH=${CMAKE_PREFIX_PATH}:/opt/ros/humble /usr/bin/cmake /home/malab/XJL/project/quadruped_ros2_control/src/quadruped_ros2_control/controllers/unitree_guide_controller -DCMAKE_INSTALL_PREFIX=/home/malab/XJL/project/quadruped_ros2_control/src/quadruped_ros2_control/controllers/unitree_guide_controller/install/unitree_guide_controller
[1.552s] DEBUG:colcon.colcon_core.event_handler.log_command:Invoked command in '/home/malab/XJL/project/quadruped_ros2_control/src/quadruped_ros2_control/controllers/unitree_guide_controller/build/unitree_guide_controller' returned '0': CMAKE_PREFIX_PATH=${CMAKE_PREFIX_PATH}:/opt/ros/humble /usr/bin/cmake /home/malab/XJL/project/quadruped_ros2_control/src/quadruped_ros2_control/controllers/unitree_guide_controller -DCMAKE_INSTALL_PREFIX=/home/malab/XJL/project/quadruped_ros2_control/src/quadruped_ros2_control/controllers/unitree_guide_controller/install/unitree_guide_controller
[1.553s] DEBUG:colcon.colcon_core.event_handler.log_command:Invoking command in '/home/malab/XJL/project/quadruped_ros2_control/src/quadruped_ros2_control/controllers/unitree_guide_controller/build/unitree_guide_controller': CMAKE_PREFIX_PATH=${CMAKE_PREFIX_PATH}:/opt/ros/humble /usr/bin/cmake --build /home/malab/XJL/project/quadruped_ros2_control/src/quadruped_ros2_control/controllers/unitree_guide_controller/build/unitree_guide_controller -- -j16 -l16
[14.683s] DEBUG:colcon.colcon_core.event_handler.log_command:Invoked command in '/home/malab/XJL/project/quadruped_ros2_control/src/quadruped_ros2_control/controllers/unitree_guide_controller/build/unitree_guide_controller' returned '0': CMAKE_PREFIX_PATH=${CMAKE_PREFIX_PATH}:/opt/ros/humble /usr/bin/cmake --build /home/malab/XJL/project/quadruped_ros2_control/src/quadruped_ros2_control/controllers/unitree_guide_controller/build/unitree_guide_controller -- -j16 -l16
[14.776s] DEBUG:colcon.colcon_core.event_handler.log_command:Invoking command in '/home/malab/XJL/project/quadruped_ros2_control/src/quadruped_ros2_control/controllers/unitree_guide_controller/build/unitree_guide_controller': CMAKE_PREFIX_PATH=${CMAKE_PREFIX_PATH}:/opt/ros/humble /usr/bin/cmake --install /home/malab/XJL/project/quadruped_ros2_control/src/quadruped_ros2_control/controllers/unitree_guide_controller/build/unitree_guide_controller
[14.795s] Level 1:colcon.colcon_core.environment:create_environment_scripts_only(unitree_guide_controller)
[14.795s] DEBUG:colcon.colcon_core.event_handler.log_command:Invoked command in '/home/malab/XJL/project/quadruped_ros2_control/src/quadruped_ros2_control/controllers/unitree_guide_controller/build/unitree_guide_controller' returned '0': CMAKE_PREFIX_PATH=${CMAKE_PREFIX_PATH}:/opt/ros/humble /usr/bin/cmake --install /home/malab/XJL/project/quadruped_ros2_control/src/quadruped_ros2_control/controllers/unitree_guide_controller/build/unitree_guide_controller
[14.797s] Level 1:colcon.colcon_core.environment:checking '/home/malab/XJL/project/quadruped_ros2_control/src/quadruped_ros2_control/controllers/unitree_guide_controller/install/unitree_guide_controller' for CMake module files
[14.798s] Level 1:colcon.colcon_core.environment:checking '/home/malab/XJL/project/quadruped_ros2_control/src/quadruped_ros2_control/controllers/unitree_guide_controller/install/unitree_guide_controller' for CMake config files
[14.798s] Level 1:colcon.colcon_core.shell:create_environment_hook('unitree_guide_controller', 'cmake_prefix_path')
[14.798s] INFO:colcon.colcon_core.shell:Creating environment hook '/home/malab/XJL/project/quadruped_ros2_control/src/quadruped_ros2_control/controllers/unitree_guide_controller/install/unitree_guide_controller/share/unitree_guide_controller/hook/cmake_prefix_path.ps1'
[14.799s] INFO:colcon.colcon_core.shell:Creating environment descriptor '/home/malab/XJL/project/quadruped_ros2_control/src/quadruped_ros2_control/controllers/unitree_guide_controller/install/unitree_guide_controller/share/unitree_guide_controller/hook/cmake_prefix_path.dsv'
[14.799s] INFO:colcon.colcon_core.shell:Creating environment hook '/home/malab/XJL/project/quadruped_ros2_control/src/quadruped_ros2_control/controllers/unitree_guide_controller/install/unitree_guide_controller/share/unitree_guide_controller/hook/cmake_prefix_path.sh'
[14.800s] Level 1:colcon.colcon_core.environment:checking '/home/malab/XJL/project/quadruped_ros2_control/src/quadruped_ros2_control/controllers/unitree_guide_controller/install/unitree_guide_controller/lib'
[14.800s] Level 1:colcon.colcon_core.environment:checking '/home/malab/XJL/project/quadruped_ros2_control/src/quadruped_ros2_control/controllers/unitree_guide_controller/install/unitree_guide_controller/bin'
[14.800s] Level 1:colcon.colcon_core.environment:checking '/home/malab/XJL/project/quadruped_ros2_control/src/quadruped_ros2_control/controllers/unitree_guide_controller/install/unitree_guide_controller/lib/pkgconfig/unitree_guide_controller.pc'
[14.801s] Level 1:colcon.colcon_core.environment:checking '/home/malab/XJL/project/quadruped_ros2_control/src/quadruped_ros2_control/controllers/unitree_guide_controller/install/unitree_guide_controller/lib/python3.10/site-packages'
[14.801s] Level 1:colcon.colcon_core.environment:checking '/home/malab/XJL/project/quadruped_ros2_control/src/quadruped_ros2_control/controllers/unitree_guide_controller/install/unitree_guide_controller/bin'
[14.801s] INFO:colcon.colcon_core.shell:Creating package script '/home/malab/XJL/project/quadruped_ros2_control/src/quadruped_ros2_control/controllers/unitree_guide_controller/install/unitree_guide_controller/share/unitree_guide_controller/package.ps1'
[14.802s] INFO:colcon.colcon_core.shell:Creating package descriptor '/home/malab/XJL/project/quadruped_ros2_control/src/quadruped_ros2_control/controllers/unitree_guide_controller/install/unitree_guide_controller/share/unitree_guide_controller/package.dsv'
[14.802s] INFO:colcon.colcon_core.shell:Creating package script '/home/malab/XJL/project/quadruped_ros2_control/src/quadruped_ros2_control/controllers/unitree_guide_controller/install/unitree_guide_controller/share/unitree_guide_controller/package.sh'
[14.802s] INFO:colcon.colcon_core.shell:Creating package script '/home/malab/XJL/project/quadruped_ros2_control/src/quadruped_ros2_control/controllers/unitree_guide_controller/install/unitree_guide_controller/share/unitree_guide_controller/package.bash'
[14.803s] INFO:colcon.colcon_core.shell:Creating package script '/home/malab/XJL/project/quadruped_ros2_control/src/quadruped_ros2_control/controllers/unitree_guide_controller/install/unitree_guide_controller/share/unitree_guide_controller/package.zsh'
[14.803s] Level 1:colcon.colcon_core.environment:create_file_with_runtime_dependencies(/home/malab/XJL/project/quadruped_ros2_control/src/quadruped_ros2_control/controllers/unitree_guide_controller/install/unitree_guide_controller/share/colcon-core/packages/unitree_guide_controller)
[14.903s] Level 1:colcon.colcon_core.environment:create_environment_scripts_only(unitree_guide_controller)
[14.903s] Level 1:colcon.colcon_core.environment:checking '/home/malab/XJL/project/quadruped_ros2_control/src/quadruped_ros2_control/controllers/unitree_guide_controller/install/unitree_guide_controller' for CMake module files
[14.904s] Level 1:colcon.colcon_core.environment:checking '/home/malab/XJL/project/quadruped_ros2_control/src/quadruped_ros2_control/controllers/unitree_guide_controller/install/unitree_guide_controller' for CMake config files
[14.905s] Level 1:colcon.colcon_core.shell:create_environment_hook('unitree_guide_controller', 'cmake_prefix_path')
[14.905s] INFO:colcon.colcon_core.shell:Creating environment hook '/home/malab/XJL/project/quadruped_ros2_control/src/quadruped_ros2_control/controllers/unitree_guide_controller/install/unitree_guide_controller/share/unitree_guide_controller/hook/cmake_prefix_path.ps1'
[14.905s] INFO:colcon.colcon_core.shell:Creating environment descriptor '/home/malab/XJL/project/quadruped_ros2_control/src/quadruped_ros2_control/controllers/unitree_guide_controller/install/unitree_guide_controller/share/unitree_guide_controller/hook/cmake_prefix_path.dsv'
[14.906s] INFO:colcon.colcon_core.shell:Creating environment hook '/home/malab/XJL/project/quadruped_ros2_control/src/quadruped_ros2_control/controllers/unitree_guide_controller/install/unitree_guide_controller/share/unitree_guide_controller/hook/cmake_prefix_path.sh'
[14.907s] Level 1:colcon.colcon_core.environment:checking '/home/malab/XJL/project/quadruped_ros2_control/src/quadruped_ros2_control/controllers/unitree_guide_controller/install/unitree_guide_controller/lib'
[14.907s] Level 1:colcon.colcon_core.environment:checking '/home/malab/XJL/project/quadruped_ros2_control/src/quadruped_ros2_control/controllers/unitree_guide_controller/install/unitree_guide_controller/bin'
[14.907s] Level 1:colcon.colcon_core.environment:checking '/home/malab/XJL/project/quadruped_ros2_control/src/quadruped_ros2_control/controllers/unitree_guide_controller/install/unitree_guide_controller/lib/pkgconfig/unitree_guide_controller.pc'
[14.907s] Level 1:colcon.colcon_core.environment:checking '/home/malab/XJL/project/quadruped_ros2_control/src/quadruped_ros2_control/controllers/unitree_guide_controller/install/unitree_guide_controller/lib/python3.10/site-packages'
[14.907s] Level 1:colcon.colcon_core.environment:checking '/home/malab/XJL/project/quadruped_ros2_control/src/quadruped_ros2_control/controllers/unitree_guide_controller/install/unitree_guide_controller/bin'
[14.908s] INFO:colcon.colcon_core.shell:Creating package script '/home/malab/XJL/project/quadruped_ros2_control/src/quadruped_ros2_control/controllers/unitree_guide_controller/install/unitree_guide_controller/share/unitree_guide_controller/package.ps1'
[14.909s] INFO:colcon.colcon_core.shell:Creating package descriptor '/home/malab/XJL/project/quadruped_ros2_control/src/quadruped_ros2_control/controllers/unitree_guide_controller/install/unitree_guide_controller/share/unitree_guide_controller/package.dsv'
[14.910s] INFO:colcon.colcon_core.shell:Creating package script '/home/malab/XJL/project/quadruped_ros2_control/src/quadruped_ros2_control/controllers/unitree_guide_controller/install/unitree_guide_controller/share/unitree_guide_controller/package.sh'
[14.910s] INFO:colcon.colcon_core.shell:Creating package script '/home/malab/XJL/project/quadruped_ros2_control/src/quadruped_ros2_control/controllers/unitree_guide_controller/install/unitree_guide_controller/share/unitree_guide_controller/package.bash'
[14.911s] INFO:colcon.colcon_core.shell:Creating package script '/home/malab/XJL/project/quadruped_ros2_control/src/quadruped_ros2_control/controllers/unitree_guide_controller/install/unitree_guide_controller/share/unitree_guide_controller/package.zsh'
[14.911s] Level 1:colcon.colcon_core.environment:create_file_with_runtime_dependencies(/home/malab/XJL/project/quadruped_ros2_control/src/quadruped_ros2_control/controllers/unitree_guide_controller/install/unitree_guide_controller/share/colcon-core/packages/unitree_guide_controller)
[14.911s] DEBUG:colcon.colcon_parallel_executor.executor.parallel:closing loop
[14.912s] DEBUG:colcon.colcon_parallel_executor.executor.parallel:loop closed
[14.912s] DEBUG:colcon.colcon_parallel_executor.executor.parallel:run_until_complete finished with '0'
[14.912s] DEBUG:colcon.colcon_core.event_reactor:joining thread
[14.920s] INFO:colcon.colcon_core.plugin_system:Skipping extension 'colcon_notification.desktop_notification.terminal_notifier': Not used on non-Darwin systems
[14.920s] INFO:colcon.colcon_core.plugin_system:Skipping extension 'colcon_notification.desktop_notification.win32': Not used on non-Windows systems
[14.920s] INFO:colcon.colcon_notification.desktop_notification:Sending desktop notification using 'notify2'
[14.939s] DEBUG:colcon.colcon_core.event_reactor:joined thread
[14.940s] INFO:colcon.colcon_core.shell:Creating prefix script '/home/malab/XJL/project/quadruped_ros2_control/src/quadruped_ros2_control/controllers/unitree_guide_controller/install/local_setup.ps1'
[14.943s] INFO:colcon.colcon_core.shell:Creating prefix util module '/home/malab/XJL/project/quadruped_ros2_control/src/quadruped_ros2_control/controllers/unitree_guide_controller/install/_local_setup_util_ps1.py'
[14.947s] INFO:colcon.colcon_core.shell:Creating prefix chain script '/home/malab/XJL/project/quadruped_ros2_control/src/quadruped_ros2_control/controllers/unitree_guide_controller/install/setup.ps1'
[14.951s] INFO:colcon.colcon_core.shell:Creating prefix script '/home/malab/XJL/project/quadruped_ros2_control/src/quadruped_ros2_control/controllers/unitree_guide_controller/install/local_setup.sh'
[14.953s] INFO:colcon.colcon_core.shell:Creating prefix util module '/home/malab/XJL/project/quadruped_ros2_control/src/quadruped_ros2_control/controllers/unitree_guide_controller/install/_local_setup_util_sh.py'
[14.954s] INFO:colcon.colcon_core.shell:Creating prefix chain script '/home/malab/XJL/project/quadruped_ros2_control/src/quadruped_ros2_control/controllers/unitree_guide_controller/install/setup.sh'
[14.958s] INFO:colcon.colcon_core.shell:Creating prefix script '/home/malab/XJL/project/quadruped_ros2_control/src/quadruped_ros2_control/controllers/unitree_guide_controller/install/local_setup.bash'
[14.959s] INFO:colcon.colcon_core.shell:Creating prefix chain script '/home/malab/XJL/project/quadruped_ros2_control/src/quadruped_ros2_control/controllers/unitree_guide_controller/install/setup.bash'
[14.962s] INFO:colcon.colcon_core.shell:Creating prefix script '/home/malab/XJL/project/quadruped_ros2_control/src/quadruped_ros2_control/controllers/unitree_guide_controller/install/local_setup.zsh'
[14.963s] INFO:colcon.colcon_core.shell:Creating prefix chain script '/home/malab/XJL/project/quadruped_ros2_control/src/quadruped_ros2_control/controllers/unitree_guide_controller/install/setup.zsh'
