-- The C compiler identification is GNU 11.4.0
-- The CXX compiler identification is GNU 11.4.0
-- Detecting C compiler ABI info
-- Detecting C compiler ABI info - done
-- Check for working C compiler: /usr/bin/cc - skipped
-- Detecting C compile features
-- Detecting C compile features - done
-- Detecting CXX compiler ABI info
-- Detecting CXX compiler ABI info - done
-- Check for working CXX compiler: /usr/bin/c++ - skipped
-- Detecting CXX compile features
-- Detecting CXX compile features - done
-- Found ament_cmake: 1.3.10 (/opt/ros/humble/share/ament_cmake/cmake)
-- Found Python3: /usr/bin/python3 (found version "3.10.12") found components: Interpreter 
-- Found pluginlib: 5.1.0 (/opt/ros/humble/share/pluginlib/cmake)
-- Found controller_interface: 2.43.1 (/opt/ros/humble/share/controller_interface/cmake)
-- Found rosidl_generator_c: 3.1.5 (/opt/ros/humble/share/rosidl_generator_c/cmake)
-- Found rosidl_adapter: 3.1.5 (/opt/ros/humble/share/rosidl_adapter/cmake)
-- Found rosidl_generator_cpp: 3.1.5 (/opt/ros/humble/share/rosidl_generator_cpp/cmake)
-- Using all available rosidl_typesupport_c: rosidl_typesupport_fastrtps_c;rosidl_typesupport_introspection_c
-- Using all available rosidl_typesupport_cpp: rosidl_typesupport_fastrtps_cpp;rosidl_typesupport_introspection_cpp
-- Found rmw_implementation_cmake: 6.1.2 (/opt/ros/humble/share/rmw_implementation_cmake/cmake)
-- Found rmw_fastrtps_cpp: 6.2.7 (/opt/ros/humble/share/rmw_fastrtps_cpp/cmake)
-- Found TinyXML2 via Config file: TinyXML2_DIR-NOTFOUND
-- Found OpenSSL: /usr/lib/x86_64-linux-gnu/libcrypto.so (found version "3.0.2")  
-- Found TinyXML2 via Config file: TinyXML2_DIR-NOTFOUND
-- Found FastRTPS: /opt/ros/humble/include  
-- Found TinyXML2 via Config file: TinyXML2_DIR-NOTFOUND
-- Found TinyXML2 via Config file: TinyXML2_DIR-NOTFOUND
-- Using RMW implementation 'rmw_fastrtps_cpp' as default
-- Looking for pthread.h
-- Looking for pthread.h - found
-- Performing Test CMAKE_HAVE_LIBC_PTHREAD
-- Performing Test CMAKE_HAVE_LIBC_PTHREAD - Success
-- Found Threads: TRUE  
-- Found realtime_tools: 2.10.0 (/opt/ros/humble/share/realtime_tools/cmake)
-- Found control_input_msgs: 0.0.0 (/home/malab/XJL/project/quadruped_ros2_control/install/control_input_msgs/share/control_input_msgs/cmake)
-- Found kdl_parser: 2.6.4 (/opt/ros/humble/share/kdl_parser/cmake)
-- Found eigen3_cmake_module: 0.1.1 (/opt/ros/humble/share/eigen3_cmake_module/cmake)
-- Found Eigen3: TRUE (found version "3.4.0") 
-- Ensuring Eigen3 include directory is part of orocos-kdl CMake target
-- Found ament_lint_auto: 0.12.11 (/opt/ros/humble/share/ament_lint_auto/cmake)
-- Added test 'cppcheck' to perform static code analysis on C / C++ code
-- Configured cppcheck include dirs: $<BUILD_INTERFACE:/home/malab/XJL/project/quadruped_ros2_control/src/quadruped_ros2_control/controllers/unitree_guide_controller/include>;/home/malab/XJL/project/quadruped_ros2_control/src/quadruped_ros2_control/controllers/unitree_guide_controller/src
-- Configured cppcheck exclude dirs and/or files: 
-- Added test 'flake8' to check Python code syntax and style conventions
-- Added test 'lint_cmake' to check CMake code style
-- Added test 'pep257' to check Python code against some of the docstring style conventions in PEP 257
-- Added test 'uncrustify' to check C / C++ code style
-- Configured uncrustify additional arguments: 
-- Added test 'xmllint' to check XML markup files
-- Configuring done
-- Generating done
-- Build files have been written to: /home/malab/XJL/project/quadruped_ros2_control/src/quadruped_ros2_control/controllers/unitree_guide_controller/build/unitree_guide_controller
[  5%] [32mBuilding CXX object CMakeFiles/unitree_guide_controller.dir/src/UnitreeGuideController.cpp.o[0m
[ 10%] [32mBuilding CXX object CMakeFiles/unitree_guide_controller.dir/src/FSM/StateFreeStand.cpp.o[0m
[ 15%] [32mBuilding CXX object CMakeFiles/unitree_guide_controller.dir/src/FSM/StateBalanceTest.cpp.o[0m
[ 21%] [32mBuilding CXX object CMakeFiles/unitree_guide_controller.dir/src/robot/QuadrupedRobot.cpp.o[0m
[ 42%] [32mBuilding CXX object CMakeFiles/unitree_guide_controller.dir/src/robot/RobotLeg.cpp.o[0m
[ 42%] [32mBuilding CXX object CMakeFiles/unitree_guide_controller.dir/src/FSM/StateFixedStand.cpp.o[0m
[ 47%] [32mBuilding CXX object CMakeFiles/unitree_guide_controller.dir/src/control/LowPassFilter.cpp.o[0m
[ 52%] [32mBuilding CXX object CMakeFiles/unitree_guide_controller.dir/src/control/Estimator.cpp.o[0m
[ 57%] [32mBuilding CXX object CMakeFiles/unitree_guide_controller.dir/src/FSM/StateSwingTest.cpp.o[0m
[ 63%] [32mBuilding CXX object CMakeFiles/unitree_guide_controller.dir/src/quadProgpp/Array.cc.o[0m
[ 68%] [32mBuilding CXX object CMakeFiles/unitree_guide_controller.dir/src/control/BalanceCtrl.cpp.o[0m
[ 31%] [32mBuilding CXX object CMakeFiles/unitree_guide_controller.dir/src/FSM/StatePassive.cpp.o[0m
[ 31%] [32mBuilding CXX object CMakeFiles/unitree_guide_controller.dir/src/FSM/StateFixedDown.cpp.o[0m
[ 78%] [32mBuilding CXX object CMakeFiles/unitree_guide_controller.dir/src/FSM/StateTrotting.cpp.o[0m
[ 73%] [32mBuilding CXX object CMakeFiles/unitree_guide_controller.dir/src/quadProgpp/QuadProg++.cc.o[0m
[ 84%] [32mBuilding CXX object CMakeFiles/unitree_guide_controller.dir/src/gait/WaveGenerator.cpp.o[0m
[ 89%] [32mBuilding CXX object CMakeFiles/unitree_guide_controller.dir/src/gait/FeetEndCalc.cpp.o[0m
[ 94%] [32mBuilding CXX object CMakeFiles/unitree_guide_controller.dir/src/gait/GaitGenerator.cpp.o[0m
[100%] [32m[1mLinking CXX shared library libunitree_guide_controller.so[0m
[100%] Built target unitree_guide_controller
-- Install configuration: "Release"
-- Installing: /home/malab/XJL/project/quadruped_ros2_control/src/quadruped_ros2_control/controllers/unitree_guide_controller/install/unitree_guide_controller/share/unitree_guide_controller/unitree_guide_controller.xml
-- Installing: /home/malab/XJL/project/quadruped_ros2_control/src/quadruped_ros2_control/controllers/unitree_guide_controller/install/unitree_guide_controller/include/unitree_guide_controller
-- Installing: /home/malab/XJL/project/quadruped_ros2_control/src/quadruped_ros2_control/controllers/unitree_guide_controller/install/unitree_guide_controller/include/unitree_guide_controller/unitree_guide_controller
-- Installing: /home/malab/XJL/project/quadruped_ros2_control/src/quadruped_ros2_control/controllers/unitree_guide_controller/install/unitree_guide_controller/include/unitree_guide_controller/unitree_guide_controller/gait
-- Installing: /home/malab/XJL/project/quadruped_ros2_control/src/quadruped_ros2_control/controllers/unitree_guide_controller/install/unitree_guide_controller/include/unitree_guide_controller/unitree_guide_controller/gait/WaveGenerator.h
-- Installing: /home/malab/XJL/project/quadruped_ros2_control/src/quadruped_ros2_control/controllers/unitree_guide_controller/install/unitree_guide_controller/include/unitree_guide_controller/unitree_guide_controller/gait/FeetEndCalc.h
-- Installing: /home/malab/XJL/project/quadruped_ros2_control/src/quadruped_ros2_control/controllers/unitree_guide_controller/install/unitree_guide_controller/include/unitree_guide_controller/unitree_guide_controller/gait/GaitGenerator.h
-- Installing: /home/malab/XJL/project/quadruped_ros2_control/src/quadruped_ros2_control/controllers/unitree_guide_controller/install/unitree_guide_controller/include/unitree_guide_controller/unitree_guide_controller/FSM
-- Installing: /home/malab/XJL/project/quadruped_ros2_control/src/quadruped_ros2_control/controllers/unitree_guide_controller/install/unitree_guide_controller/include/unitree_guide_controller/unitree_guide_controller/FSM/StateSwingTest.h
-- Installing: /home/malab/XJL/project/quadruped_ros2_control/src/quadruped_ros2_control/controllers/unitree_guide_controller/install/unitree_guide_controller/include/unitree_guide_controller/unitree_guide_controller/FSM/StateTrotting.h
-- Installing: /home/malab/XJL/project/quadruped_ros2_control/src/quadruped_ros2_control/controllers/unitree_guide_controller/install/unitree_guide_controller/include/unitree_guide_controller/unitree_guide_controller/FSM/StateFreeStand.h
-- Installing: /home/malab/XJL/project/quadruped_ros2_control/src/quadruped_ros2_control/controllers/unitree_guide_controller/install/unitree_guide_controller/include/unitree_guide_controller/unitree_guide_controller/FSM/StateFixedDown.h
-- Installing: /home/malab/XJL/project/quadruped_ros2_control/src/quadruped_ros2_control/controllers/unitree_guide_controller/install/unitree_guide_controller/include/unitree_guide_controller/unitree_guide_controller/FSM/FSMState.h
-- Installing: /home/malab/XJL/project/quadruped_ros2_control/src/quadruped_ros2_control/controllers/unitree_guide_controller/install/unitree_guide_controller/include/unitree_guide_controller/unitree_guide_controller/FSM/StateBalanceTest.h
-- Installing: /home/malab/XJL/project/quadruped_ros2_control/src/quadruped_ros2_control/controllers/unitree_guide_controller/install/unitree_guide_controller/include/unitree_guide_controller/unitree_guide_controller/FSM/StatePassive.h
-- Installing: /home/malab/XJL/project/quadruped_ros2_control/src/quadruped_ros2_control/controllers/unitree_guide_controller/install/unitree_guide_controller/include/unitree_guide_controller/unitree_guide_controller/FSM/StateFixedStand.h
-- Installing: /home/malab/XJL/project/quadruped_ros2_control/src/quadruped_ros2_control/controllers/unitree_guide_controller/install/unitree_guide_controller/include/unitree_guide_controller/unitree_guide_controller/UnitreeGuideController.h
-- Installing: /home/malab/XJL/project/quadruped_ros2_control/src/quadruped_ros2_control/controllers/unitree_guide_controller/install/unitree_guide_controller/include/unitree_guide_controller/unitree_guide_controller/common
-- Installing: /home/malab/XJL/project/quadruped_ros2_control/src/quadruped_ros2_control/controllers/unitree_guide_controller/install/unitree_guide_controller/include/unitree_guide_controller/unitree_guide_controller/common/mathTypes.h
-- Installing: /home/malab/XJL/project/quadruped_ros2_control/src/quadruped_ros2_control/controllers/unitree_guide_controller/install/unitree_guide_controller/include/unitree_guide_controller/unitree_guide_controller/common/mathTools.h
-- Installing: /home/malab/XJL/project/quadruped_ros2_control/src/quadruped_ros2_control/controllers/unitree_guide_controller/install/unitree_guide_controller/include/unitree_guide_controller/unitree_guide_controller/common/enumClass.h
-- Installing: /home/malab/XJL/project/quadruped_ros2_control/src/quadruped_ros2_control/controllers/unitree_guide_controller/install/unitree_guide_controller/include/unitree_guide_controller/unitree_guide_controller/robot
-- Installing: /home/malab/XJL/project/quadruped_ros2_control/src/quadruped_ros2_control/controllers/unitree_guide_controller/install/unitree_guide_controller/include/unitree_guide_controller/unitree_guide_controller/robot/RobotLeg.h
-- Installing: /home/malab/XJL/project/quadruped_ros2_control/src/quadruped_ros2_control/controllers/unitree_guide_controller/install/unitree_guide_controller/include/unitree_guide_controller/unitree_guide_controller/robot/QuadrupedRobot.h
-- Installing: /home/malab/XJL/project/quadruped_ros2_control/src/quadruped_ros2_control/controllers/unitree_guide_controller/install/unitree_guide_controller/include/unitree_guide_controller/unitree_guide_controller/control
-- Installing: /home/malab/XJL/project/quadruped_ros2_control/src/quadruped_ros2_control/controllers/unitree_guide_controller/install/unitree_guide_controller/include/unitree_guide_controller/unitree_guide_controller/control/CtrlComponent.h
-- Installing: /home/malab/XJL/project/quadruped_ros2_control/src/quadruped_ros2_control/controllers/unitree_guide_controller/install/unitree_guide_controller/include/unitree_guide_controller/unitree_guide_controller/control/Estimator.h
-- Installing: /home/malab/XJL/project/quadruped_ros2_control/src/quadruped_ros2_control/controllers/unitree_guide_controller/install/unitree_guide_controller/include/unitree_guide_controller/unitree_guide_controller/control/BalanceCtrl.h
-- Installing: /home/malab/XJL/project/quadruped_ros2_control/src/quadruped_ros2_control/controllers/unitree_guide_controller/install/unitree_guide_controller/include/unitree_guide_controller/unitree_guide_controller/control/LowPassFilter.h
-- Installing: /home/malab/XJL/project/quadruped_ros2_control/src/quadruped_ros2_control/controllers/unitree_guide_controller/install/unitree_guide_controller/lib/unitree_guide_controller/libunitree_guide_controller.so
-- Set runtime path of "/home/malab/XJL/project/quadruped_ros2_control/src/quadruped_ros2_control/controllers/unitree_guide_controller/install/unitree_guide_controller/lib/unitree_guide_controller/libunitree_guide_controller.so" to ""
-- Installing: /home/malab/XJL/project/quadruped_ros2_control/src/quadruped_ros2_control/controllers/unitree_guide_controller/install/unitree_guide_controller/share/unitree_guide_controller//launch
-- Installing: /home/malab/XJL/project/quadruped_ros2_control/src/quadruped_ros2_control/controllers/unitree_guide_controller/install/unitree_guide_controller/share/unitree_guide_controller//launch/gazebo.launch.py
-- Installing: /home/malab/XJL/project/quadruped_ros2_control/src/quadruped_ros2_control/controllers/unitree_guide_controller/install/unitree_guide_controller/share/unitree_guide_controller//launch/gazebo_classic.launch.py
-- Installing: /home/malab/XJL/project/quadruped_ros2_control/src/quadruped_ros2_control/controllers/unitree_guide_controller/install/unitree_guide_controller/share/unitree_guide_controller//launch/mujoco.launch.py
-- Installing: /home/malab/XJL/project/quadruped_ros2_control/src/quadruped_ros2_control/controllers/unitree_guide_controller/install/unitree_guide_controller/share/unitree_guide_controller/environment/library_path.sh
-- Installing: /home/malab/XJL/project/quadruped_ros2_control/src/quadruped_ros2_control/controllers/unitree_guide_controller/install/unitree_guide_controller/share/unitree_guide_controller/environment/library_path.dsv
-- Installing: /home/malab/XJL/project/quadruped_ros2_control/src/quadruped_ros2_control/controllers/unitree_guide_controller/install/unitree_guide_controller/share/ament_index/resource_index/package_run_dependencies/unitree_guide_controller
-- Installing: /home/malab/XJL/project/quadruped_ros2_control/src/quadruped_ros2_control/controllers/unitree_guide_controller/install/unitree_guide_controller/share/ament_index/resource_index/parent_prefix_path/unitree_guide_controller
-- Installing: /home/malab/XJL/project/quadruped_ros2_control/src/quadruped_ros2_control/controllers/unitree_guide_controller/install/unitree_guide_controller/share/unitree_guide_controller/environment/ament_prefix_path.sh
-- Installing: /home/malab/XJL/project/quadruped_ros2_control/src/quadruped_ros2_control/controllers/unitree_guide_controller/install/unitree_guide_controller/share/unitree_guide_controller/environment/ament_prefix_path.dsv
-- Installing: /home/malab/XJL/project/quadruped_ros2_control/src/quadruped_ros2_control/controllers/unitree_guide_controller/install/unitree_guide_controller/share/unitree_guide_controller/environment/path.sh
-- Installing: /home/malab/XJL/project/quadruped_ros2_control/src/quadruped_ros2_control/controllers/unitree_guide_controller/install/unitree_guide_controller/share/unitree_guide_controller/environment/path.dsv
-- Installing: /home/malab/XJL/project/quadruped_ros2_control/src/quadruped_ros2_control/controllers/unitree_guide_controller/install/unitree_guide_controller/share/unitree_guide_controller/local_setup.bash
-- Installing: /home/malab/XJL/project/quadruped_ros2_control/src/quadruped_ros2_control/controllers/unitree_guide_controller/install/unitree_guide_controller/share/unitree_guide_controller/local_setup.sh
-- Installing: /home/malab/XJL/project/quadruped_ros2_control/src/quadruped_ros2_control/controllers/unitree_guide_controller/install/unitree_guide_controller/share/unitree_guide_controller/local_setup.zsh
-- Installing: /home/malab/XJL/project/quadruped_ros2_control/src/quadruped_ros2_control/controllers/unitree_guide_controller/install/unitree_guide_controller/share/unitree_guide_controller/local_setup.dsv
-- Installing: /home/malab/XJL/project/quadruped_ros2_control/src/quadruped_ros2_control/controllers/unitree_guide_controller/install/unitree_guide_controller/share/unitree_guide_controller/package.dsv
-- Installing: /home/malab/XJL/project/quadruped_ros2_control/src/quadruped_ros2_control/controllers/unitree_guide_controller/install/unitree_guide_controller/share/ament_index/resource_index/packages/unitree_guide_controller
-- Installing: /home/malab/XJL/project/quadruped_ros2_control/src/quadruped_ros2_control/controllers/unitree_guide_controller/install/unitree_guide_controller/share/ament_index/resource_index/controller_interface__pluginlib__plugin/unitree_guide_controller
-- Installing: /home/malab/XJL/project/quadruped_ros2_control/src/quadruped_ros2_control/controllers/unitree_guide_controller/install/unitree_guide_controller/share/unitree_guide_controller/cmake/export_unitree_guide_controllerExport.cmake
-- Installing: /home/malab/XJL/project/quadruped_ros2_control/src/quadruped_ros2_control/controllers/unitree_guide_controller/install/unitree_guide_controller/share/unitree_guide_controller/cmake/export_unitree_guide_controllerExport-release.cmake
-- Installing: /home/malab/XJL/project/quadruped_ros2_control/src/quadruped_ros2_control/controllers/unitree_guide_controller/install/unitree_guide_controller/share/unitree_guide_controller/cmake/ament_cmake_export_dependencies-extras.cmake
-- Installing: /home/malab/XJL/project/quadruped_ros2_control/src/quadruped_ros2_control/controllers/unitree_guide_controller/install/unitree_guide_controller/share/unitree_guide_controller/cmake/ament_cmake_export_targets-extras.cmake
-- Installing: /home/malab/XJL/project/quadruped_ros2_control/src/quadruped_ros2_control/controllers/unitree_guide_controller/install/unitree_guide_controller/share/unitree_guide_controller/cmake/unitree_guide_controllerConfig.cmake
-- Installing: /home/malab/XJL/project/quadruped_ros2_control/src/quadruped_ros2_control/controllers/unitree_guide_controller/install/unitree_guide_controller/share/unitree_guide_controller/cmake/unitree_guide_controllerConfig-version.cmake
-- Installing: /home/malab/XJL/project/quadruped_ros2_control/src/quadruped_ros2_control/controllers/unitree_guide_controller/install/unitree_guide_controller/share/unitree_guide_controller/package.xml
