[0.008s] Invoking command in '/home/malab/XJL/project/quadruped_ros2_control/src/quadruped_ros2_control/controllers/unitree_guide_controller/build/unitree_guide_controller': CMAKE_PREFIX_PATH=${CMAKE_PREFIX_PATH}:/opt/ros/humble /usr/bin/cmake /home/malab/XJL/project/quadruped_ros2_control/src/quadruped_ros2_control/controllers/unitree_guide_controller -DCMAKE_INSTALL_PREFIX=/home/malab/XJL/project/quadruped_ros2_control/src/quadruped_ros2_control/controllers/unitree_guide_controller/install/unitree_guide_controller
[0.110s] -- The C compiler identification is GNU 11.4.0
[0.193s] -- The CXX compiler identification is GNU 11.4.0
[0.200s] -- Detecting C compiler ABI info
[0.286s] -- Detecting C compiler ABI info - done
[0.291s] -- Check for working C compiler: /usr/bin/cc - skipped
[0.292s] -- Detecting C compile features
[0.292s] -- Detecting C compile features - done
[0.294s] -- Detecting CXX compiler ABI info
[0.364s] -- Detecting CXX compiler ABI info - done
[0.371s] -- Check for working CXX compiler: /usr/bin/c++ - skipped
[0.371s] -- Detecting CXX compile features
[0.371s] -- Detecting CXX compile features - done
[0.374s] -- Found ament_cmake: 1.3.10 (/opt/ros/humble/share/ament_cmake/cmake)
[0.508s] -- Found Python3: /usr/bin/python3 (found version "3.10.12") found components: Interpreter 
[0.596s] -- Found pluginlib: 5.1.0 (/opt/ros/humble/share/pluginlib/cmake)
[0.634s] -- Found controller_interface: 2.43.1 (/opt/ros/humble/share/controller_interface/cmake)
[0.660s] -- Found rosidl_generator_c: 3.1.5 (/opt/ros/humble/share/rosidl_generator_c/cmake)
[0.665s] -- Found rosidl_adapter: 3.1.5 (/opt/ros/humble/share/rosidl_adapter/cmake)
[0.672s] -- Found rosidl_generator_cpp: 3.1.5 (/opt/ros/humble/share/rosidl_generator_cpp/cmake)
[0.681s] -- Using all available rosidl_typesupport_c: rosidl_typesupport_fastrtps_c;rosidl_typesupport_introspection_c
[0.691s] -- Using all available rosidl_typesupport_cpp: rosidl_typesupport_fastrtps_cpp;rosidl_typesupport_introspection_cpp
[0.819s] -- Found rmw_implementation_cmake: 6.1.2 (/opt/ros/humble/share/rmw_implementation_cmake/cmake)
[0.822s] -- Found rmw_fastrtps_cpp: 6.2.7 (/opt/ros/humble/share/rmw_fastrtps_cpp/cmake)
[0.843s] -- Found TinyXML2 via Config file: TinyXML2_DIR-NOTFOUND
[0.907s] -- Found OpenSSL: /usr/lib/x86_64-linux-gnu/libcrypto.so (found version "3.0.2")  
[0.911s] -- Found TinyXML2 via Config file: TinyXML2_DIR-NOTFOUND
[0.933s] -- Found FastRTPS: /opt/ros/humble/include  
[0.935s] -- Found TinyXML2 via Config file: TinyXML2_DIR-NOTFOUND
[0.941s] -- Found TinyXML2 via Config file: TinyXML2_DIR-NOTFOUND
[0.954s] -- Using RMW implementation 'rmw_fastrtps_cpp' as default
[0.963s] -- Looking for pthread.h
[1.055s] -- Looking for pthread.h - found
[1.055s] -- Performing Test CMAKE_HAVE_LIBC_PTHREAD
[1.133s] -- Performing Test CMAKE_HAVE_LIBC_PTHREAD - Success
[1.134s] -- Found Threads: TRUE  
[1.171s] -- Found realtime_tools: 2.10.0 (/opt/ros/humble/share/realtime_tools/cmake)
[1.182s] -- Found control_input_msgs: 0.0.0 (/home/malab/XJL/project/quadruped_ros2_control/install/control_input_msgs/share/control_input_msgs/cmake)
[1.191s] -- Found kdl_parser: 2.6.4 (/opt/ros/humble/share/kdl_parser/cmake)
[1.203s] -- Found eigen3_cmake_module: 0.1.1 (/opt/ros/humble/share/eigen3_cmake_module/cmake)
[1.204s] -- Found Eigen3: TRUE (found version "3.4.0") 
[1.204s] -- Ensuring Eigen3 include directory is part of orocos-kdl CMake target
[1.217s] -- Found ament_lint_auto: 0.12.11 (/opt/ros/humble/share/ament_lint_auto/cmake)
[1.280s] -- Added test 'cppcheck' to perform static code analysis on C / C++ code
[1.280s] -- Configured cppcheck include dirs: $<BUILD_INTERFACE:/home/malab/XJL/project/quadruped_ros2_control/src/quadruped_ros2_control/controllers/unitree_guide_controller/include>;/home/malab/XJL/project/quadruped_ros2_control/src/quadruped_ros2_control/controllers/unitree_guide_controller/src
[1.280s] -- Configured cppcheck exclude dirs and/or files: 
[1.281s] -- Added test 'flake8' to check Python code syntax and style conventions
[1.282s] -- Added test 'lint_cmake' to check CMake code style
[1.283s] -- Added test 'pep257' to check Python code against some of the docstring style conventions in PEP 257
[1.287s] -- Added test 'uncrustify' to check C / C++ code style
[1.287s] -- Configured uncrustify additional arguments: 
[1.288s] -- Added test 'xmllint' to check XML markup files
[1.289s] -- Configuring done
[1.325s] -- Generating done
[1.326s] -- Build files have been written to: /home/malab/XJL/project/quadruped_ros2_control/src/quadruped_ros2_control/controllers/unitree_guide_controller/build/unitree_guide_controller
[1.334s] Invoked command in '/home/malab/XJL/project/quadruped_ros2_control/src/quadruped_ros2_control/controllers/unitree_guide_controller/build/unitree_guide_controller' returned '0': CMAKE_PREFIX_PATH=${CMAKE_PREFIX_PATH}:/opt/ros/humble /usr/bin/cmake /home/malab/XJL/project/quadruped_ros2_control/src/quadruped_ros2_control/controllers/unitree_guide_controller -DCMAKE_INSTALL_PREFIX=/home/malab/XJL/project/quadruped_ros2_control/src/quadruped_ros2_control/controllers/unitree_guide_controller/install/unitree_guide_controller
[1.335s] Invoking command in '/home/malab/XJL/project/quadruped_ros2_control/src/quadruped_ros2_control/controllers/unitree_guide_controller/build/unitree_guide_controller': CMAKE_PREFIX_PATH=${CMAKE_PREFIX_PATH}:/opt/ros/humble /usr/bin/cmake --build /home/malab/XJL/project/quadruped_ros2_control/src/quadruped_ros2_control/controllers/unitree_guide_controller/build/unitree_guide_controller -- -j16 -l16
[1.397s] [  5%] [32mBuilding CXX object CMakeFiles/unitree_guide_controller.dir/src/UnitreeGuideController.cpp.o[0m
[1.397s] [ 10%] [32mBuilding CXX object CMakeFiles/unitree_guide_controller.dir/src/FSM/StateFreeStand.cpp.o[0m
[1.397s] [ 15%] [32mBuilding CXX object CMakeFiles/unitree_guide_controller.dir/src/FSM/StateBalanceTest.cpp.o[0m
[1.398s] [ 21%] [32mBuilding CXX object CMakeFiles/unitree_guide_controller.dir/src/robot/QuadrupedRobot.cpp.o[0m
[1.398s] [ 42%] [32mBuilding CXX object CMakeFiles/unitree_guide_controller.dir/src/robot/RobotLeg.cpp.o[0m
[1.398s] [ 42%] [32mBuilding CXX object CMakeFiles/unitree_guide_controller.dir/src/FSM/StateFixedStand.cpp.o[0m
[1.398s] [ 47%] [32mBuilding CXX object CMakeFiles/unitree_guide_controller.dir/src/control/LowPassFilter.cpp.o[0m
[1.398s] [ 52%] [32mBuilding CXX object CMakeFiles/unitree_guide_controller.dir/src/control/Estimator.cpp.o[0m
[1.398s] [ 57%] [32mBuilding CXX object CMakeFiles/unitree_guide_controller.dir/src/FSM/StateSwingTest.cpp.o[0m
[1.398s] [ 63%] [32mBuilding CXX object CMakeFiles/unitree_guide_controller.dir/src/quadProgpp/Array.cc.o[0m
[1.398s] [ 68%] [32mBuilding CXX object CMakeFiles/unitree_guide_controller.dir/src/control/BalanceCtrl.cpp.o[0m
[1.398s] [ 31%] [32mBuilding CXX object CMakeFiles/unitree_guide_controller.dir/src/FSM/StatePassive.cpp.o[0m
[1.398s] [ 31%] [32mBuilding CXX object CMakeFiles/unitree_guide_controller.dir/src/FSM/StateFixedDown.cpp.o[0m
[1.398s] [ 78%] [32mBuilding CXX object CMakeFiles/unitree_guide_controller.dir/src/FSM/StateTrotting.cpp.o[0m
[1.398s] [ 73%] [32mBuilding CXX object CMakeFiles/unitree_guide_controller.dir/src/quadProgpp/QuadProg++.cc.o[0m
[1.398s] [ 84%] [32mBuilding CXX object CMakeFiles/unitree_guide_controller.dir/src/gait/WaveGenerator.cpp.o[0m
[1.640s] [ 89%] [32mBuilding CXX object CMakeFiles/unitree_guide_controller.dir/src/gait/FeetEndCalc.cpp.o[0m
[2.044s] [ 94%] [32mBuilding CXX object CMakeFiles/unitree_guide_controller.dir/src/gait/GaitGenerator.cpp.o[0m
[14.264s] [100%] [32m[1mLinking CXX shared library libunitree_guide_controller.so[0m
[14.455s] [100%] Built target unitree_guide_controller
[14.465s] Invoked command in '/home/malab/XJL/project/quadruped_ros2_control/src/quadruped_ros2_control/controllers/unitree_guide_controller/build/unitree_guide_controller' returned '0': CMAKE_PREFIX_PATH=${CMAKE_PREFIX_PATH}:/opt/ros/humble /usr/bin/cmake --build /home/malab/XJL/project/quadruped_ros2_control/src/quadruped_ros2_control/controllers/unitree_guide_controller/build/unitree_guide_controller -- -j16 -l16
[14.559s] Invoking command in '/home/malab/XJL/project/quadruped_ros2_control/src/quadruped_ros2_control/controllers/unitree_guide_controller/build/unitree_guide_controller': CMAKE_PREFIX_PATH=${CMAKE_PREFIX_PATH}:/opt/ros/humble /usr/bin/cmake --install /home/malab/XJL/project/quadruped_ros2_control/src/quadruped_ros2_control/controllers/unitree_guide_controller/build/unitree_guide_controller
[14.568s] -- Install configuration: "Release"
[14.569s] -- Installing: /home/malab/XJL/project/quadruped_ros2_control/src/quadruped_ros2_control/controllers/unitree_guide_controller/install/unitree_guide_controller/share/unitree_guide_controller/unitree_guide_controller.xml
[14.569s] -- Installing: /home/malab/XJL/project/quadruped_ros2_control/src/quadruped_ros2_control/controllers/unitree_guide_controller/install/unitree_guide_controller/include/unitree_guide_controller
[14.569s] -- Installing: /home/malab/XJL/project/quadruped_ros2_control/src/quadruped_ros2_control/controllers/unitree_guide_controller/install/unitree_guide_controller/include/unitree_guide_controller/unitree_guide_controller
[14.569s] -- Installing: /home/malab/XJL/project/quadruped_ros2_control/src/quadruped_ros2_control/controllers/unitree_guide_controller/install/unitree_guide_controller/include/unitree_guide_controller/unitree_guide_controller/gait
[14.569s] -- Installing: /home/malab/XJL/project/quadruped_ros2_control/src/quadruped_ros2_control/controllers/unitree_guide_controller/install/unitree_guide_controller/include/unitree_guide_controller/unitree_guide_controller/gait/WaveGenerator.h
[14.569s] -- Installing: /home/malab/XJL/project/quadruped_ros2_control/src/quadruped_ros2_control/controllers/unitree_guide_controller/install/unitree_guide_controller/include/unitree_guide_controller/unitree_guide_controller/gait/FeetEndCalc.h
[14.569s] -- Installing: /home/malab/XJL/project/quadruped_ros2_control/src/quadruped_ros2_control/controllers/unitree_guide_controller/install/unitree_guide_controller/include/unitree_guide_controller/unitree_guide_controller/gait/GaitGenerator.h
[14.569s] -- Installing: /home/malab/XJL/project/quadruped_ros2_control/src/quadruped_ros2_control/controllers/unitree_guide_controller/install/unitree_guide_controller/include/unitree_guide_controller/unitree_guide_controller/FSM
[14.569s] -- Installing: /home/malab/XJL/project/quadruped_ros2_control/src/quadruped_ros2_control/controllers/unitree_guide_controller/install/unitree_guide_controller/include/unitree_guide_controller/unitree_guide_controller/FSM/StateSwingTest.h
[14.570s] -- Installing: /home/malab/XJL/project/quadruped_ros2_control/src/quadruped_ros2_control/controllers/unitree_guide_controller/install/unitree_guide_controller/include/unitree_guide_controller/unitree_guide_controller/FSM/StateTrotting.h
[14.570s] -- Installing: /home/malab/XJL/project/quadruped_ros2_control/src/quadruped_ros2_control/controllers/unitree_guide_controller/install/unitree_guide_controller/include/unitree_guide_controller/unitree_guide_controller/FSM/StateFreeStand.h
[14.570s] -- Installing: /home/malab/XJL/project/quadruped_ros2_control/src/quadruped_ros2_control/controllers/unitree_guide_controller/install/unitree_guide_controller/include/unitree_guide_controller/unitree_guide_controller/FSM/StateFixedDown.h
[14.570s] -- Installing: /home/malab/XJL/project/quadruped_ros2_control/src/quadruped_ros2_control/controllers/unitree_guide_controller/install/unitree_guide_controller/include/unitree_guide_controller/unitree_guide_controller/FSM/FSMState.h
[14.570s] -- Installing: /home/malab/XJL/project/quadruped_ros2_control/src/quadruped_ros2_control/controllers/unitree_guide_controller/install/unitree_guide_controller/include/unitree_guide_controller/unitree_guide_controller/FSM/StateBalanceTest.h
[14.570s] -- Installing: /home/malab/XJL/project/quadruped_ros2_control/src/quadruped_ros2_control/controllers/unitree_guide_controller/install/unitree_guide_controller/include/unitree_guide_controller/unitree_guide_controller/FSM/StatePassive.h
[14.570s] -- Installing: /home/malab/XJL/project/quadruped_ros2_control/src/quadruped_ros2_control/controllers/unitree_guide_controller/install/unitree_guide_controller/include/unitree_guide_controller/unitree_guide_controller/FSM/StateFixedStand.h
[14.570s] -- Installing: /home/malab/XJL/project/quadruped_ros2_control/src/quadruped_ros2_control/controllers/unitree_guide_controller/install/unitree_guide_controller/include/unitree_guide_controller/unitree_guide_controller/UnitreeGuideController.h
[14.570s] -- Installing: /home/malab/XJL/project/quadruped_ros2_control/src/quadruped_ros2_control/controllers/unitree_guide_controller/install/unitree_guide_controller/include/unitree_guide_controller/unitree_guide_controller/common
[14.570s] -- Installing: /home/malab/XJL/project/quadruped_ros2_control/src/quadruped_ros2_control/controllers/unitree_guide_controller/install/unitree_guide_controller/include/unitree_guide_controller/unitree_guide_controller/common/mathTypes.h
[14.570s] -- Installing: /home/malab/XJL/project/quadruped_ros2_control/src/quadruped_ros2_control/controllers/unitree_guide_controller/install/unitree_guide_controller/include/unitree_guide_controller/unitree_guide_controller/common/mathTools.h
[14.570s] -- Installing: /home/malab/XJL/project/quadruped_ros2_control/src/quadruped_ros2_control/controllers/unitree_guide_controller/install/unitree_guide_controller/include/unitree_guide_controller/unitree_guide_controller/common/enumClass.h
[14.570s] -- Installing: /home/malab/XJL/project/quadruped_ros2_control/src/quadruped_ros2_control/controllers/unitree_guide_controller/install/unitree_guide_controller/include/unitree_guide_controller/unitree_guide_controller/robot
[14.571s] -- Installing: /home/malab/XJL/project/quadruped_ros2_control/src/quadruped_ros2_control/controllers/unitree_guide_controller/install/unitree_guide_controller/include/unitree_guide_controller/unitree_guide_controller/robot/RobotLeg.h
[14.571s] -- Installing: /home/malab/XJL/project/quadruped_ros2_control/src/quadruped_ros2_control/controllers/unitree_guide_controller/install/unitree_guide_controller/include/unitree_guide_controller/unitree_guide_controller/robot/QuadrupedRobot.h
[14.571s] -- Installing: /home/malab/XJL/project/quadruped_ros2_control/src/quadruped_ros2_control/controllers/unitree_guide_controller/install/unitree_guide_controller/include/unitree_guide_controller/unitree_guide_controller/control
[14.571s] -- Installing: /home/malab/XJL/project/quadruped_ros2_control/src/quadruped_ros2_control/controllers/unitree_guide_controller/install/unitree_guide_controller/include/unitree_guide_controller/unitree_guide_controller/control/CtrlComponent.h
[14.571s] -- Installing: /home/malab/XJL/project/quadruped_ros2_control/src/quadruped_ros2_control/controllers/unitree_guide_controller/install/unitree_guide_controller/include/unitree_guide_controller/unitree_guide_controller/control/Estimator.h
[14.571s] -- Installing: /home/malab/XJL/project/quadruped_ros2_control/src/quadruped_ros2_control/controllers/unitree_guide_controller/install/unitree_guide_controller/include/unitree_guide_controller/unitree_guide_controller/control/BalanceCtrl.h
[14.571s] -- Installing: /home/malab/XJL/project/quadruped_ros2_control/src/quadruped_ros2_control/controllers/unitree_guide_controller/install/unitree_guide_controller/include/unitree_guide_controller/unitree_guide_controller/control/LowPassFilter.h
[14.571s] -- Installing: /home/malab/XJL/project/quadruped_ros2_control/src/quadruped_ros2_control/controllers/unitree_guide_controller/install/unitree_guide_controller/lib/unitree_guide_controller/libunitree_guide_controller.so
[14.573s] -- Set runtime path of "/home/malab/XJL/project/quadruped_ros2_control/src/quadruped_ros2_control/controllers/unitree_guide_controller/install/unitree_guide_controller/lib/unitree_guide_controller/libunitree_guide_controller.so" to ""
[14.573s] -- Installing: /home/malab/XJL/project/quadruped_ros2_control/src/quadruped_ros2_control/controllers/unitree_guide_controller/install/unitree_guide_controller/share/unitree_guide_controller//launch
[14.574s] -- Installing: /home/malab/XJL/project/quadruped_ros2_control/src/quadruped_ros2_control/controllers/unitree_guide_controller/install/unitree_guide_controller/share/unitree_guide_controller//launch/gazebo.launch.py
[14.574s] -- Installing: /home/malab/XJL/project/quadruped_ros2_control/src/quadruped_ros2_control/controllers/unitree_guide_controller/install/unitree_guide_controller/share/unitree_guide_controller//launch/gazebo_classic.launch.py
[14.574s] -- Installing: /home/malab/XJL/project/quadruped_ros2_control/src/quadruped_ros2_control/controllers/unitree_guide_controller/install/unitree_guide_controller/share/unitree_guide_controller//launch/mujoco.launch.py
[14.574s] -- Installing: /home/malab/XJL/project/quadruped_ros2_control/src/quadruped_ros2_control/controllers/unitree_guide_controller/install/unitree_guide_controller/share/unitree_guide_controller/environment/library_path.sh
[14.574s] -- Installing: /home/malab/XJL/project/quadruped_ros2_control/src/quadruped_ros2_control/controllers/unitree_guide_controller/install/unitree_guide_controller/share/unitree_guide_controller/environment/library_path.dsv
[14.574s] -- Installing: /home/malab/XJL/project/quadruped_ros2_control/src/quadruped_ros2_control/controllers/unitree_guide_controller/install/unitree_guide_controller/share/ament_index/resource_index/package_run_dependencies/unitree_guide_controller
[14.574s] -- Installing: /home/malab/XJL/project/quadruped_ros2_control/src/quadruped_ros2_control/controllers/unitree_guide_controller/install/unitree_guide_controller/share/ament_index/resource_index/parent_prefix_path/unitree_guide_controller
[14.574s] -- Installing: /home/malab/XJL/project/quadruped_ros2_control/src/quadruped_ros2_control/controllers/unitree_guide_controller/install/unitree_guide_controller/share/unitree_guide_controller/environment/ament_prefix_path.sh
[14.575s] -- Installing: /home/malab/XJL/project/quadruped_ros2_control/src/quadruped_ros2_control/controllers/unitree_guide_controller/install/unitree_guide_controller/share/unitree_guide_controller/environment/ament_prefix_path.dsv
[14.575s] -- Installing: /home/malab/XJL/project/quadruped_ros2_control/src/quadruped_ros2_control/controllers/unitree_guide_controller/install/unitree_guide_controller/share/unitree_guide_controller/environment/path.sh
[14.575s] -- Installing: /home/malab/XJL/project/quadruped_ros2_control/src/quadruped_ros2_control/controllers/unitree_guide_controller/install/unitree_guide_controller/share/unitree_guide_controller/environment/path.dsv
[14.575s] -- Installing: /home/malab/XJL/project/quadruped_ros2_control/src/quadruped_ros2_control/controllers/unitree_guide_controller/install/unitree_guide_controller/share/unitree_guide_controller/local_setup.bash
[14.575s] -- Installing: /home/malab/XJL/project/quadruped_ros2_control/src/quadruped_ros2_control/controllers/unitree_guide_controller/install/unitree_guide_controller/share/unitree_guide_controller/local_setup.sh
[14.575s] -- Installing: /home/malab/XJL/project/quadruped_ros2_control/src/quadruped_ros2_control/controllers/unitree_guide_controller/install/unitree_guide_controller/share/unitree_guide_controller/local_setup.zsh
[14.575s] -- Installing: /home/malab/XJL/project/quadruped_ros2_control/src/quadruped_ros2_control/controllers/unitree_guide_controller/install/unitree_guide_controller/share/unitree_guide_controller/local_setup.dsv
[14.575s] -- Installing: /home/malab/XJL/project/quadruped_ros2_control/src/quadruped_ros2_control/controllers/unitree_guide_controller/install/unitree_guide_controller/share/unitree_guide_controller/package.dsv
[14.575s] -- Installing: /home/malab/XJL/project/quadruped_ros2_control/src/quadruped_ros2_control/controllers/unitree_guide_controller/install/unitree_guide_controller/share/ament_index/resource_index/packages/unitree_guide_controller
[14.575s] -- Installing: /home/malab/XJL/project/quadruped_ros2_control/src/quadruped_ros2_control/controllers/unitree_guide_controller/install/unitree_guide_controller/share/ament_index/resource_index/controller_interface__pluginlib__plugin/unitree_guide_controller
[14.575s] -- Installing: /home/malab/XJL/project/quadruped_ros2_control/src/quadruped_ros2_control/controllers/unitree_guide_controller/install/unitree_guide_controller/share/unitree_guide_controller/cmake/export_unitree_guide_controllerExport.cmake
[14.576s] -- Installing: /home/malab/XJL/project/quadruped_ros2_control/src/quadruped_ros2_control/controllers/unitree_guide_controller/install/unitree_guide_controller/share/unitree_guide_controller/cmake/export_unitree_guide_controllerExport-release.cmake
[14.576s] -- Installing: /home/malab/XJL/project/quadruped_ros2_control/src/quadruped_ros2_control/controllers/unitree_guide_controller/install/unitree_guide_controller/share/unitree_guide_controller/cmake/ament_cmake_export_dependencies-extras.cmake
[14.576s] -- Installing: /home/malab/XJL/project/quadruped_ros2_control/src/quadruped_ros2_control/controllers/unitree_guide_controller/install/unitree_guide_controller/share/unitree_guide_controller/cmake/ament_cmake_export_targets-extras.cmake
[14.576s] -- Installing: /home/malab/XJL/project/quadruped_ros2_control/src/quadruped_ros2_control/controllers/unitree_guide_controller/install/unitree_guide_controller/share/unitree_guide_controller/cmake/unitree_guide_controllerConfig.cmake
[14.576s] -- Installing: /home/malab/XJL/project/quadruped_ros2_control/src/quadruped_ros2_control/controllers/unitree_guide_controller/install/unitree_guide_controller/share/unitree_guide_controller/cmake/unitree_guide_controllerConfig-version.cmake
[14.576s] -- Installing: /home/malab/XJL/project/quadruped_ros2_control/src/quadruped_ros2_control/controllers/unitree_guide_controller/install/unitree_guide_controller/share/unitree_guide_controller/package.xml
[14.578s] Invoked command in '/home/malab/XJL/project/quadruped_ros2_control/src/quadruped_ros2_control/controllers/unitree_guide_controller/build/unitree_guide_controller' returned '0': CMAKE_PREFIX_PATH=${CMAKE_PREFIX_PATH}:/opt/ros/humble /usr/bin/cmake --install /home/malab/XJL/project/quadruped_ros2_control/src/quadruped_ros2_control/controllers/unitree_guide_controller/build/unitree_guide_controller
